Build started 04/12/2013 10:28:54.
     1>Project "C:\Users\Henri\Documents\Projects\pinball\Pinball\Pinball.vcxproj" on node 2 (Build target(s)).
     1>Link:
         Pinball.vcxproj -> C:\Users\Henri\Documents\Projects\pinball\Pinball\Release\Pinball.exe
       PostBuildEvent:
         copy "C:\Users\Henri\Documents\Projects\pinball\Pinball\\dll\Release\*.dll" "C:\Users\Henri\Documents\Projects\pinball\Pinball\\build\Release\"
         :VCEnd
         C:\Users\Henri\Documents\Projects\pinball\Pinball\\dll\Release\glut32.dll
         The system cannot find the path specified.
         C:\Users\Henri\Documents\Projects\pinball\Pinball\\dll\Release\nvToolsExt32_1.dll
         The system cannot find the path specified.
         C:\Users\Henri\Documents\Projects\pinball\Pinball\\dll\Release\PhysX3CharacterKinematic_x86.dll
         The system cannot find the path specified.
         C:\Users\Henri\Documents\Projects\pinball\Pinball\\dll\Release\PhysX3Common_x86.dll
         The system cannot find the path specified.
         C:\Users\Henri\Documents\Projects\pinball\Pinball\\dll\Release\PhysX3Cooking_x86.dll
         C:\Users\Henri\Documents\Projects\pinball\Pinball\\dll\Release\PhysX3Gpu_x86.dll
         The system cannot find the path specified.
         C:\Users\Henri\Documents\Projects\pinball\Pinball\\dll\Release\PhysX3_x86.dll
         The system cannot find the path specified.
         The system cannot find the path specified.
                 0 file(s) copied.
     1>C:\Program Files (x86)\MSBuild\Microsoft.Cpp\v4.0\V120\Microsoft.CppCommon.targets(132,5): error MSB3073: The command "copy "C:\Users\Henri\Documents\Projects\pinball\Pinball\\dll\Release\*.dll" "C:\Users\Henri\Documents\Projects\pinball\Pinball\\build\Release\"
C:\Program Files (x86)\MSBuild\Microsoft.Cpp\v4.0\V120\Microsoft.CppCommon.targets(132,5): error MSB3073: :VCEnd" exited with code 1.
     1>Done Building Project "C:\Users\Henri\Documents\Projects\pinball\Pinball\Pinball.vcxproj" (Build target(s)) -- FAILED.

Build FAILED.

Time Elapsed 00:00:00.22
